2023-12-15 21:41:13,587 [Worker-1: Loading available Gradle versions] INFO  o.e.b.c.i.u.g.PublishedGradleVersions - Gradle version information cache is up-to-date. Trying to read.
2023-12-15 21:42:00,008 [Worker-4: Loading available Gradle versions] INFO  o.e.b.c.i.u.g.PublishedGradleVersions - Gradle version information cache is up-to-date. Trying to read.
2023-12-15 21:46:08,112 [Worker-16: Launching mavenrun-e1af4b8f-25fa-4c96-92b2-59d1b26a5b4f] INFO  o.eclipse.m2e.core.internal.Bundles - getClasspathEntries(Bundle=org.eclipse.m2e.maven.runtime_3.8.604.20221130-2149 [605])
2023-12-15 21:46:08,118 [Worker-16: Launching mavenrun-e1af4b8f-25fa-4c96-92b2-59d1b26a5b4f] INFO  o.eclipse.m2e.core.internal.Bundles - 	Entry: C:\Users\akash\.p2\pool\plugins\org.eclipse.m2e.maven.runtime_3.8.604.20221130-2149
2023-12-15 21:46:08,119 [Worker-16: Launching mavenrun-e1af4b8f-25fa-4c96-92b2-59d1b26a5b4f] INFO  o.eclipse.m2e.core.internal.Bundles - 	Entry: C:\Users\akash\.p2\pool\plugins\org.eclipse.m2e.maven.runtime_3.8.604.20221130-2149\jars\aether-connector-okhttp-0.17.8.jar
2023-12-15 21:46:08,119 [Worker-16: Launching mavenrun-e1af4b8f-25fa-4c96-92b2-59d1b26a5b4f] INFO  o.eclipse.m2e.core.internal.Bundles - 	Entry: C:\Users\akash\.p2\pool\plugins\org.eclipse.m2e.maven.runtime_3.8.604.20221130-2149\jars\commons-cli-1.4.jar
2023-12-15 21:46:08,119 [Worker-16: Launching mavenrun-e1af4b8f-25fa-4c96-92b2-59d1b26a5b4f] INFO  o.eclipse.m2e.core.internal.Bundles - 	Entry: C:\Users\akash\.p2\pool\plugins\org.eclipse.m2e.maven.runtime_3.8.604.20221130-2149\jars\commons-io-2.6.jar
2023-12-15 21:46:08,120 [Worker-16: Launching mavenrun-e1af4b8f-25fa-4c96-92b2-59d1b26a5b4f] INFO  o.eclipse.m2e.core.internal.Bundles - 	Entry: C:\Users\akash\.p2\pool\plugins\org.eclipse.m2e.maven.runtime_3.8.604.20221130-2149\jars\commons-lang3-3.8.1.jar
2023-12-15 21:46:08,120 [Worker-16: Launching mavenrun-e1af4b8f-25fa-4c96-92b2-59d1b26a5b4f] INFO  o.eclipse.m2e.core.internal.Bundles - 	Entry: C:\Users\akash\.p2\pool\plugins\org.eclipse.m2e.maven.runtime_3.8.604.20221130-2149\jars\guice-4.2.2-no_aop.jar
2023-12-15 21:46:08,120 [Worker-16: Launching mavenrun-e1af4b8f-25fa-4c96-92b2-59d1b26a5b4f] INFO  o.eclipse.m2e.core.internal.Bundles - 	Entry: C:\Users\akash\.p2\pool\plugins\org.eclipse.m2e.maven.runtime_3.8.604.20221130-2149\jars\jansi-2.4.0.jar
2023-12-15 21:46:08,120 [Worker-16: Launching mavenrun-e1af4b8f-25fa-4c96-92b2-59d1b26a5b4f] INFO  o.eclipse.m2e.core.internal.Bundles - 	Entry: C:\Users\akash\.p2\pool\plugins\org.eclipse.m2e.maven.runtime_3.8.604.20221130-2149\jars\maven-artifact-3.8.6.jar
2023-12-15 21:46:08,120 [Worker-16: Launching mavenrun-e1af4b8f-25fa-4c96-92b2-59d1b26a5b4f] INFO  o.eclipse.m2e.core.internal.Bundles - 	Entry: C:\Users\akash\.p2\pool\plugins\org.eclipse.m2e.maven.runtime_3.8.604.20221130-2149\jars\maven-builder-support-3.8.6.jar
2023-12-15 21:46:08,120 [Worker-16: Launching mavenrun-e1af4b8f-25fa-4c96-92b2-59d1b26a5b4f] INFO  o.eclipse.m2e.core.internal.Bundles - 	Entry: C:\Users\akash\.p2\pool\plugins\org.eclipse.m2e.maven.runtime_3.8.604.20221130-2149\jars\maven-compat-3.8.6.jar
2023-12-15 21:46:08,121 [Worker-16: Launching mavenrun-e1af4b8f-25fa-4c96-92b2-59d1b26a5b4f] INFO  o.eclipse.m2e.core.internal.Bundles - 	Entry: C:\Users\akash\.p2\pool\plugins\org.eclipse.m2e.maven.runtime_3.8.604.20221130-2149\jars\maven-core-3.8.6.jar
2023-12-15 21:46:08,121 [Worker-16: Launching mavenrun-e1af4b8f-25fa-4c96-92b2-59d1b26a5b4f] INFO  o.eclipse.m2e.core.internal.Bundles - 	Entry: C:\Users\akash\.p2\pool\plugins\org.eclipse.m2e.maven.runtime_3.8.604.20221130-2149\jars\maven-embedder-3.8.6.jar
2023-12-15 21:46:08,121 [Worker-16: Launching mavenrun-e1af4b8f-25fa-4c96-92b2-59d1b26a5b4f] INFO  o.eclipse.m2e.core.internal.Bundles - 	Entry: C:\Users\akash\.p2\pool\plugins\org.eclipse.m2e.maven.runtime_3.8.604.20221130-2149\jars\maven-model-3.8.6.jar
2023-12-15 21:46:08,121 [Worker-16: Launching mavenrun-e1af4b8f-25fa-4c96-92b2-59d1b26a5b4f] INFO  o.eclipse.m2e.core.internal.Bundles - 	Entry: C:\Users\akash\.p2\pool\plugins\org.eclipse.m2e.maven.runtime_3.8.604.20221130-2149\jars\maven-model-builder-3.8.6.jar
2023-12-15 21:46:08,122 [Worker-16: Launching mavenrun-e1af4b8f-25fa-4c96-92b2-59d1b26a5b4f] INFO  o.eclipse.m2e.core.internal.Bundles - 	Entry: C:\Users\akash\.p2\pool\plugins\org.eclipse.m2e.maven.runtime_3.8.604.20221130-2149\jars\maven-plugin-api-3.8.6.jar
2023-12-15 21:46:08,122 [Worker-16: Launching mavenrun-e1af4b8f-25fa-4c96-92b2-59d1b26a5b4f] INFO  o.eclipse.m2e.core.internal.Bundles - 	Entry: C:\Users\akash\.p2\pool\plugins\org.eclipse.m2e.maven.runtime_3.8.604.20221130-2149\jars\maven-repository-metadata-3.8.6.jar
2023-12-15 21:46:08,122 [Worker-16: Launching mavenrun-e1af4b8f-25fa-4c96-92b2-59d1b26a5b4f] INFO  o.eclipse.m2e.core.internal.Bundles - 	Entry: C:\Users\akash\.p2\pool\plugins\org.eclipse.m2e.maven.runtime_3.8.604.20221130-2149\jars\maven-resolver-api-1.6.3.jar
2023-12-15 21:46:08,122 [Worker-16: Launching mavenrun-e1af4b8f-25fa-4c96-92b2-59d1b26a5b4f] INFO  o.eclipse.m2e.core.internal.Bundles - 	Entry: C:\Users\akash\.p2\pool\plugins\org.eclipse.m2e.maven.runtime_3.8.604.20221130-2149\jars\maven-resolver-connector-basic-1.6.3.jar
2023-12-15 21:46:08,122 [Worker-16: Launching mavenrun-e1af4b8f-25fa-4c96-92b2-59d1b26a5b4f] INFO  o.eclipse.m2e.core.internal.Bundles - 	Entry: C:\Users\akash\.p2\pool\plugins\org.eclipse.m2e.maven.runtime_3.8.604.20221130-2149\jars\maven-resolver-impl-1.6.3.jar
2023-12-15 21:46:08,122 [Worker-16: Launching mavenrun-e1af4b8f-25fa-4c96-92b2-59d1b26a5b4f] INFO  o.eclipse.m2e.core.internal.Bundles - 	Entry: C:\Users\akash\.p2\pool\plugins\org.eclipse.m2e.maven.runtime_3.8.604.20221130-2149\jars\maven-resolver-provider-3.8.6.jar
2023-12-15 21:46:08,122 [Worker-16: Launching mavenrun-e1af4b8f-25fa-4c96-92b2-59d1b26a5b4f] INFO  o.eclipse.m2e.core.internal.Bundles - 	Entry: C:\Users\akash\.p2\pool\plugins\org.eclipse.m2e.maven.runtime_3.8.604.20221130-2149\jars\maven-resolver-spi-1.6.3.jar
2023-12-15 21:46:08,123 [Worker-16: Launching mavenrun-e1af4b8f-25fa-4c96-92b2-59d1b26a5b4f] INFO  o.eclipse.m2e.core.internal.Bundles - 	Entry: C:\Users\akash\.p2\pool\plugins\org.eclipse.m2e.maven.runtime_3.8.604.20221130-2149\jars\maven-resolver-transport-wagon-1.6.3.jar
2023-12-15 21:46:08,123 [Worker-16: Launching mavenrun-e1af4b8f-25fa-4c96-92b2-59d1b26a5b4f] INFO  o.eclipse.m2e.core.internal.Bundles - 	Entry: C:\Users\akash\.p2\pool\plugins\org.eclipse.m2e.maven.runtime_3.8.604.20221130-2149\jars\maven-resolver-util-1.6.3.jar
2023-12-15 21:46:08,123 [Worker-16: Launching mavenrun-e1af4b8f-25fa-4c96-92b2-59d1b26a5b4f] INFO  o.eclipse.m2e.core.internal.Bundles - 	Entry: C:\Users\akash\.p2\pool\plugins\org.eclipse.m2e.maven.runtime_3.8.604.20221130-2149\jars\maven-settings-3.8.6.jar
2023-12-15 21:46:08,123 [Worker-16: Launching mavenrun-e1af4b8f-25fa-4c96-92b2-59d1b26a5b4f] INFO  o.eclipse.m2e.core.internal.Bundles - 	Entry: C:\Users\akash\.p2\pool\plugins\org.eclipse.m2e.maven.runtime_3.8.604.20221130-2149\jars\maven-settings-builder-3.8.6.jar
2023-12-15 21:46:08,123 [Worker-16: Launching mavenrun-e1af4b8f-25fa-4c96-92b2-59d1b26a5b4f] INFO  o.eclipse.m2e.core.internal.Bundles - 	Entry: C:\Users\akash\.p2\pool\plugins\org.eclipse.m2e.maven.runtime_3.8.604.20221130-2149\jars\maven-shared-utils-3.3.4.jar
2023-12-15 21:46:08,123 [Worker-16: Launching mavenrun-e1af4b8f-25fa-4c96-92b2-59d1b26a5b4f] INFO  o.eclipse.m2e.core.internal.Bundles - 	Entry: C:\Users\akash\.p2\pool\plugins\org.eclipse.m2e.maven.runtime_3.8.604.20221130-2149\jars\okhttp-3.14.1.jar
2023-12-15 21:46:08,123 [Worker-16: Launching mavenrun-e1af4b8f-25fa-4c96-92b2-59d1b26a5b4f] INFO  o.eclipse.m2e.core.internal.Bundles - 	Entry: C:\Users\akash\.p2\pool\plugins\org.eclipse.m2e.maven.runtime_3.8.604.20221130-2149\jars\okio-1.17.3.jar
2023-12-15 21:46:08,123 [Worker-16: Launching mavenrun-e1af4b8f-25fa-4c96-92b2-59d1b26a5b4f] INFO  o.eclipse.m2e.core.internal.Bundles - 	Entry: C:\Users\akash\.p2\pool\plugins\org.eclipse.m2e.maven.runtime_3.8.604.20221130-2149\jars\org.eclipse.sisu.inject-0.3.5.jar
2023-12-15 21:46:08,124 [Worker-16: Launching mavenrun-e1af4b8f-25fa-4c96-92b2-59d1b26a5b4f] INFO  o.eclipse.m2e.core.internal.Bundles - 	Entry: C:\Users\akash\.p2\pool\plugins\org.eclipse.m2e.maven.runtime_3.8.604.20221130-2149\jars\org.eclipse.sisu.plexus-0.3.5.jar
2023-12-15 21:46:08,124 [Worker-16: Launching mavenrun-e1af4b8f-25fa-4c96-92b2-59d1b26a5b4f] INFO  o.eclipse.m2e.core.internal.Bundles - 	Entry: C:\Users\akash\.p2\pool\plugins\org.eclipse.m2e.maven.runtime_3.8.604.20221130-2149\jars\plexus-build-api-0.0.7.jar
2023-12-15 21:46:08,124 [Worker-16: Launching mavenrun-e1af4b8f-25fa-4c96-92b2-59d1b26a5b4f] INFO  o.eclipse.m2e.core.internal.Bundles - 	Entry: C:\Users\akash\.p2\pool\plugins\org.eclipse.m2e.maven.runtime_3.8.604.20221130-2149\jars\plexus-cipher-2.0.jar
2023-12-15 21:46:08,124 [Worker-16: Launching mavenrun-e1af4b8f-25fa-4c96-92b2-59d1b26a5b4f] INFO  o.eclipse.m2e.core.internal.Bundles - 	Entry: C:\Users\akash\.p2\pool\plugins\org.eclipse.m2e.maven.runtime_3.8.604.20221130-2149\jars\plexus-classworlds-2.6.0.jar
2023-12-15 21:46:08,124 [Worker-16: Launching mavenrun-e1af4b8f-25fa-4c96-92b2-59d1b26a5b4f] INFO  o.eclipse.m2e.core.internal.Bundles - 	Entry: C:\Users\akash\.p2\pool\plugins\org.eclipse.m2e.maven.runtime_3.8.604.20221130-2149\jars\plexus-component-annotations-2.1.0.jar
2023-12-15 21:46:08,124 [Worker-16: Launching mavenrun-e1af4b8f-25fa-4c96-92b2-59d1b26a5b4f] INFO  o.eclipse.m2e.core.internal.Bundles - 	Entry: C:\Users\akash\.p2\pool\plugins\org.eclipse.m2e.maven.runtime_3.8.604.20221130-2149\jars\plexus-interpolation-1.26.jar
2023-12-15 21:46:08,125 [Worker-16: Launching mavenrun-e1af4b8f-25fa-4c96-92b2-59d1b26a5b4f] INFO  o.eclipse.m2e.core.internal.Bundles - 	Entry: C:\Users\akash\.p2\pool\plugins\org.eclipse.m2e.maven.runtime_3.8.604.20221130-2149\jars\plexus-sec-dispatcher-2.0.jar
2023-12-15 21:46:08,125 [Worker-16: Launching mavenrun-e1af4b8f-25fa-4c96-92b2-59d1b26a5b4f] INFO  o.eclipse.m2e.core.internal.Bundles - 	Entry: C:\Users\akash\.p2\pool\plugins\org.eclipse.m2e.maven.runtime_3.8.604.20221130-2149\jars\plexus-utils-3.3.1.jar
2023-12-15 21:46:08,125 [Worker-16: Launching mavenrun-e1af4b8f-25fa-4c96-92b2-59d1b26a5b4f] INFO  o.eclipse.m2e.core.internal.Bundles - 	Entry: C:\Users\akash\.p2\pool\plugins\org.eclipse.m2e.maven.runtime_3.8.604.20221130-2149\jars\wagon-file-3.5.1.jar
2023-12-15 21:46:08,125 [Worker-16: Launching mavenrun-e1af4b8f-25fa-4c96-92b2-59d1b26a5b4f] INFO  o.eclipse.m2e.core.internal.Bundles - 	Entry: C:\Users\akash\.p2\pool\plugins\org.eclipse.m2e.maven.runtime_3.8.604.20221130-2149\jars\wagon-provider-api-3.5.1.jar
2023-12-15 21:46:08,127 [Worker-16: Launching mavenrun-e1af4b8f-25fa-4c96-92b2-59d1b26a5b4f] INFO  o.eclipse.m2e.core.internal.Bundles - getClasspathEntries(Bundle=com.google.guava_30.1.0.v20221112-0806 [10])
2023-12-15 21:46:08,129 [Worker-16: Launching mavenrun-e1af4b8f-25fa-4c96-92b2-59d1b26a5b4f] INFO  o.eclipse.m2e.core.internal.Bundles - 	Entry: C:\Users\akash\.p2\pool\plugins\com.google.guava_30.1.0.v20221112-0806.jar
2023-12-15 21:46:08,129 [Worker-16: Launching mavenrun-e1af4b8f-25fa-4c96-92b2-59d1b26a5b4f] INFO  o.eclipse.m2e.core.internal.Bundles - getClasspathEntries(Bundle=slf4j.api_1.7.36 [917])
2023-12-15 21:46:08,131 [Worker-16: Launching mavenrun-e1af4b8f-25fa-4c96-92b2-59d1b26a5b4f] INFO  o.eclipse.m2e.core.internal.Bundles - 	Entry: C:\Users\akash\.p2\pool\plugins\slf4j.api_1.7.36.jar
2023-12-15 21:46:08,131 [Worker-16: Launching mavenrun-e1af4b8f-25fa-4c96-92b2-59d1b26a5b4f] INFO  o.eclipse.m2e.core.internal.Bundles - getClasspathEntries(Bundle=javax.inject_1.0.0.v20220405-0441 [32])
2023-12-15 21:46:08,132 [Worker-16: Launching mavenrun-e1af4b8f-25fa-4c96-92b2-59d1b26a5b4f] INFO  o.eclipse.m2e.core.internal.Bundles - 	Entry: C:\Users\akash\.p2\pool\plugins\javax.inject_1.0.0.v20220405-0441.jar
2023-12-15 21:46:08,132 [Worker-16: Launching mavenrun-e1af4b8f-25fa-4c96-92b2-59d1b26a5b4f] INFO  o.eclipse.m2e.core.internal.Bundles - getClasspathEntries(Bundle=javax.annotation_1.3.5.v20221112-0806 [30])
2023-12-15 21:46:08,133 [Worker-16: Launching mavenrun-e1af4b8f-25fa-4c96-92b2-59d1b26a5b4f] INFO  o.eclipse.m2e.core.internal.Bundles - 	Entry: C:\Users\akash\.p2\pool\plugins\javax.annotation_1.3.5.v20221112-0806.jar
2023-12-15 21:46:08,142 [Worker-16: Launching mavenrun-e1af4b8f-25fa-4c96-92b2-59d1b26a5b4f] INFO  o.e.m.i.launch.MavenLaunchDelegate - Run build in "C:\Users\akash\AppData\Local\Temp\m2e-archetypeGenerator61553538710624742":
2023-12-15 21:46:08,144 [Worker-16: Launching mavenrun-e1af4b8f-25fa-4c96-92b2-59d1b26a5b4f] INFO  o.e.m.i.launch.MavenLaunchDelegate -  mvn  -DarchetypeGroupId=org.apache.maven.archetypes -DarchetypeArtifactId=maven-archetype-webapp -DarchetypeVersion=1.4 -DgroupId=com.jspiders -DartifactId=smswithspringmvc -Dversion=0.0.1-SNAPSHOT -Dpackage=com.jspiders.smswithspringmvc -DoutputDirectory=C:\Programs\WEJA3_Spring -B -Dstyle.color=always -U archetype:generate
2023-12-15 21:46:14,186 [Worker-24: Creating maven-archetype-webapp] INFO  o.e.m.c.i.p.ProjectConfigurationManager - Collecting project info '/pom.xml' C:\Programs\WEJA3_Spring\smswithspringmvc\pom.xml
2023-12-15 21:46:14,802 [Worker-24: Creating maven-archetype-webapp] INFO  o.e.m.c.i.l.LifecycleMappingFactory - Using org.maven.ide.eclipse.wtp.WarLifecycleMapping lifecycle mapping for MavenProject: com.jspiders:smswithspringmvc:0.0.1-SNAPSHOT @ C:\Programs\WEJA3_Spring\smswithspringmvc\pom.xml.
2023-12-15 21:46:15,433 [Worker-24: Creating maven-archetype-webapp] INFO  o.e.m.j.i.AbstractJavaProjectConfigurator - Adding source folder /smswithspringmvc/src/main/java
2023-12-15 21:46:15,434 [Worker-24: Creating maven-archetype-webapp] INFO  o.e.m.j.i.AbstractJavaProjectConfigurator - Adding source folder /smswithspringmvc/src/test/java
2023-12-15 21:46:17,130 [Worker-24: Creating maven-archetype-webapp] INFO  o.e.m.c.i.p.ProjectConfigurationManager - Imported and configured 1 project(s) in 2 sec
2023-12-15 21:46:18,086 [Worker-19: Building] INFO  o.e.m.c.i.embedder.EclipseLogger - Using 'UTF-8' encoding to copy filtered resources.
2023-12-15 21:46:18,087 [Worker-19: Building] INFO  o.e.m.c.i.embedder.EclipseLogger - skip non existing resourceDirectory C:\Programs\WEJA3_Spring\smswithspringmvc\src\main\resources
2023-12-15 21:46:18,096 [Worker-19: Building] INFO  o.e.m.c.i.embedder.EclipseLogger - Using 'UTF-8' encoding to copy filtered resources.
2023-12-15 21:46:18,096 [Worker-19: Building] INFO  o.e.m.c.i.embedder.EclipseLogger - skip non existing resourceDirectory C:\Programs\WEJA3_Spring\smswithspringmvc\src\test\resources
2023-12-15 21:50:01,976 [Worker-24: Building] INFO  o.e.m.c.i.l.LifecycleMappingFactory - Using org.maven.ide.eclipse.wtp.WarLifecycleMapping lifecycle mapping for MavenProject: com.jspiders:smswithspringmvc:0.0.1-SNAPSHOT @ C:\Programs\WEJA3_Spring\smswithspringmvc\pom.xml.
2023-12-15 21:50:04,648 [Worker-24: Building] INFO  o.e.m.c.i.embedder.EclipseLogger - Using 'UTF-8' encoding to copy filtered resources.
2023-12-15 21:50:04,649 [Worker-24: Building] INFO  o.e.m.c.i.embedder.EclipseLogger - skip non existing resourceDirectory C:\Programs\WEJA3_Spring\smswithspringmvc\src\main\resources
2023-12-15 21:50:04,651 [Worker-24: Building] INFO  o.e.m.c.i.embedder.EclipseLogger - Using 'UTF-8' encoding to copy filtered resources.
2023-12-15 21:50:04,651 [Worker-24: Building] INFO  o.e.m.c.i.embedder.EclipseLogger - skip non existing resourceDirectory C:\Programs\WEJA3_Spring\smswithspringmvc\src\test\resources
2023-12-15 21:50:04,651 [Worker-24: Building] INFO  o.e.m.w.i.f.ResourceFilteringBuildParticipant - Changed resources require a complete clean of filtered resources of smswithspringmvc
2023-12-15 21:50:04,668 [Worker-24: Building] INFO  o.e.m.w.i.f.ResourceFilteringBuildParticipant - Executing resource filtering for smswithspringmvc
2023-12-15 21:50:04,672 [Worker-24: Building] INFO  o.e.m.c.i.embedder.EclipseLogger - Using 'UTF-8' encoding to copy filtered resources.
2023-12-15 21:50:06,895 [Worker-27: Updating Maven Project] INFO  o.e.m.c.i.p.ProjectConfigurationManager - Update started
2023-12-15 21:50:07,129 [Worker-27: Updating Maven Project] INFO  o.e.m.c.i.l.LifecycleMappingFactory - Using org.maven.ide.eclipse.wtp.WarLifecycleMapping lifecycle mapping for MavenProject: com.jspiders:smswithspringmvc:0.0.1-SNAPSHOT @ C:\Programs\WEJA3_Spring\smswithspringmvc\pom.xml.
2023-12-15 21:50:07,463 [Worker-27: Updating Maven Project] INFO  o.e.m.j.i.AbstractJavaProjectConfigurator - Adding source folder /smswithspringmvc/src/main/java
2023-12-15 21:50:07,464 [Worker-27: Updating Maven Project] INFO  o.e.m.j.i.AbstractJavaProjectConfigurator - Adding source folder /smswithspringmvc/src/test/java
2023-12-15 21:50:08,001 [Worker-27: Updating Maven Project] INFO  o.e.m.w.i.f.ResourceFilteringBuildParticipant - Cleaning filtered folder for smswithspringmvc
2023-12-15 21:50:08,005 [Worker-27: Updating Maven Project] INFO  o.e.m.c.i.p.ProjectConfigurationManager - Update completed for 1 poms: local refresh takes 0.00 sec, refresh facades takes 0.00 sec, update config takes 0.00 sec 
2023-12-15 21:50:08,169 [Worker-16: Building] INFO  o.e.m.c.i.embedder.EclipseLogger - Using 'UTF-8' encoding to copy filtered resources.
2023-12-15 21:50:08,169 [Worker-16: Building] INFO  o.e.m.c.i.embedder.EclipseLogger - skip non existing resourceDirectory C:\Programs\WEJA3_Spring\smswithspringmvc\src\main\resources
2023-12-15 21:50:08,171 [Worker-16: Building] INFO  o.e.m.c.i.embedder.EclipseLogger - Using 'UTF-8' encoding to copy filtered resources.
2023-12-15 21:50:08,171 [Worker-16: Building] INFO  o.e.m.c.i.embedder.EclipseLogger - skip non existing resourceDirectory C:\Programs\WEJA3_Spring\smswithspringmvc\src\test\resources
2023-12-15 21:50:08,172 [Worker-16: Building] INFO  o.e.m.w.i.f.ResourceFilteringBuildParticipant - Changed resources require a complete clean of filtered resources of smswithspringmvc
2023-12-15 21:50:08,172 [Worker-16: Building] INFO  o.e.m.w.i.f.ResourceFilteringBuildParticipant - Executing resource filtering for smswithspringmvc
2023-12-15 21:50:08,175 [Worker-16: Building] INFO  o.e.m.c.i.embedder.EclipseLogger - Using 'UTF-8' encoding to copy filtered resources.
2023-12-15 21:50:37,414 [Worker-25: Building] INFO  o.e.m.c.i.embedder.EclipseLogger - Using 'UTF-8' encoding to copy filtered resources.
2023-12-15 21:50:37,414 [Worker-25: Building] INFO  o.e.m.c.i.embedder.EclipseLogger - skip non existing resourceDirectory C:\Programs\WEJA3_Spring\smswithspringmvc\src\main\resources
2023-12-15 21:50:37,416 [Worker-25: Building] INFO  o.e.m.c.i.embedder.EclipseLogger - Using 'UTF-8' encoding to copy filtered resources.
2023-12-15 21:50:37,416 [Worker-25: Building] INFO  o.e.m.c.i.embedder.EclipseLogger - skip non existing resourceDirectory C:\Programs\WEJA3_Spring\smswithspringmvc\src\test\resources
2023-12-15 21:51:35,774 [Worker-26: Building] INFO  o.e.m.c.i.embedder.EclipseLogger - Using 'UTF-8' encoding to copy filtered resources.
2023-12-15 21:51:35,799 [Worker-26: Building] INFO  o.e.m.c.i.embedder.EclipseLogger - Copying 0 resource
2023-12-15 21:51:35,803 [Worker-26: Building] INFO  o.e.m.c.i.embedder.EclipseLogger - Using 'UTF-8' encoding to copy filtered resources.
2023-12-15 21:51:35,804 [Worker-26: Building] INFO  o.e.m.c.i.embedder.EclipseLogger - skip non existing resourceDirectory C:\Programs\WEJA3_Spring\smswithspringmvc\src\test\resources
2023-12-15 21:51:52,395 [Worker-19: Building] INFO  o.e.m.c.i.embedder.EclipseLogger - Using 'UTF-8' encoding to copy filtered resources.
2023-12-15 21:51:52,397 [Worker-19: Building] INFO  o.e.m.c.i.embedder.EclipseLogger - Copying 0 resource
2023-12-15 21:51:52,404 [Worker-19: Building] INFO  o.e.m.c.i.embedder.EclipseLogger - Using 'UTF-8' encoding to copy filtered resources.
2023-12-15 21:51:52,404 [Worker-19: Building] INFO  o.e.m.c.i.embedder.EclipseLogger - skip non existing resourceDirectory C:\Programs\WEJA3_Spring\smswithspringmvc\src\test\resources
2023-12-15 21:52:08,849 [Worker-25: Building] INFO  o.e.m.c.i.embedder.EclipseLogger - Using 'UTF-8' encoding to copy filtered resources.
2023-12-15 21:52:08,850 [Worker-25: Building] INFO  o.e.m.c.i.embedder.EclipseLogger - Copying 1 resource
2023-12-15 21:52:08,855 [Worker-25: Building] INFO  o.e.m.c.i.embedder.EclipseLogger - Using 'UTF-8' encoding to copy filtered resources.
2023-12-15 21:52:08,855 [Worker-25: Building] INFO  o.e.m.c.i.embedder.EclipseLogger - skip non existing resourceDirectory C:\Programs\WEJA3_Spring\smswithspringmvc\src\test\resources
2023-12-15 21:53:17,409 [Worker-25: Building] INFO  o.e.m.c.i.embedder.EclipseLogger - Using 'UTF-8' encoding to copy filtered resources.
2023-12-15 21:53:17,411 [Worker-25: Building] INFO  o.e.m.c.i.embedder.EclipseLogger - Copying 1 resource
2023-12-15 21:53:17,414 [Worker-25: Building] INFO  o.e.m.c.i.embedder.EclipseLogger - Using 'UTF-8' encoding to copy filtered resources.
2023-12-15 21:53:17,414 [Worker-25: Building] INFO  o.e.m.c.i.embedder.EclipseLogger - skip non existing resourceDirectory C:\Programs\WEJA3_Spring\smswithspringmvc\src\test\resources
2023-12-15 21:53:24,933 [Worker-16: Building] INFO  o.e.m.c.i.embedder.EclipseLogger - Using 'UTF-8' encoding to copy filtered resources.
2023-12-15 21:53:24,935 [Worker-16: Building] INFO  o.e.m.c.i.embedder.EclipseLogger - Copying 1 resource
2023-12-15 21:53:24,937 [Worker-16: Building] INFO  o.e.m.c.i.embedder.EclipseLogger - Using 'UTF-8' encoding to copy filtered resources.
2023-12-15 21:53:24,937 [Worker-16: Building] INFO  o.e.m.c.i.embedder.EclipseLogger - skip non existing resourceDirectory C:\Programs\WEJA3_Spring\smswithspringmvc\src\test\resources
2023-12-15 21:53:26,003 [Worker-25: Building] INFO  o.e.m.c.i.embedder.EclipseLogger - Using 'UTF-8' encoding to copy filtered resources.
2023-12-15 21:53:26,003 [Worker-25: Building] INFO  o.e.m.c.i.embedder.EclipseLogger - Copying 0 resource
2023-12-15 21:53:26,004 [Worker-25: Building] INFO  o.e.m.c.i.embedder.EclipseLogger - Using 'UTF-8' encoding to copy filtered resources.
2023-12-15 21:53:26,005 [Worker-25: Building] INFO  o.e.m.c.i.embedder.EclipseLogger - skip non existing resourceDirectory C:\Programs\WEJA3_Spring\smswithspringmvc\src\test\resources
2023-12-15 21:53:40,708 [Worker-24: Building] INFO  o.e.m.c.i.embedder.EclipseLogger - Using 'UTF-8' encoding to copy filtered resources.
2023-12-15 21:53:40,710 [Worker-24: Building] INFO  o.e.m.c.i.embedder.EclipseLogger - Copying 1 resource
2023-12-15 21:53:40,712 [Worker-24: Building] INFO  o.e.m.c.i.embedder.EclipseLogger - Using 'UTF-8' encoding to copy filtered resources.
2023-12-15 21:53:40,712 [Worker-24: Building] INFO  o.e.m.c.i.embedder.EclipseLogger - skip non existing resourceDirectory C:\Programs\WEJA3_Spring\smswithspringmvc\src\test\resources
2023-12-15 21:54:06,677 [Worker-19: Building] INFO  o.e.m.c.i.embedder.EclipseLogger - Using 'UTF-8' encoding to copy filtered resources.
2023-12-15 21:54:06,678 [Worker-19: Building] INFO  o.e.m.c.i.embedder.EclipseLogger - Copying 1 resource
2023-12-15 21:54:06,681 [Worker-19: Building] INFO  o.e.m.c.i.embedder.EclipseLogger - Using 'UTF-8' encoding to copy filtered resources.
2023-12-15 21:54:06,683 [Worker-19: Building] INFO  o.e.m.c.i.embedder.EclipseLogger - skip non existing resourceDirectory C:\Programs\WEJA3_Spring\smswithspringmvc\src\test\resources
2023-12-15 21:54:59,241 [Worker-16: Building] INFO  o.e.m.c.i.embedder.EclipseLogger - Using 'UTF-8' encoding to copy filtered resources.
2023-12-15 21:54:59,241 [Worker-16: Building] INFO  o.e.m.c.i.embedder.EclipseLogger - Copying 1 resource
2023-12-15 21:54:59,243 [Worker-16: Building] INFO  o.e.m.c.i.embedder.EclipseLogger - Using 'UTF-8' encoding to copy filtered resources.
2023-12-15 21:54:59,244 [Worker-16: Building] INFO  o.e.m.c.i.embedder.EclipseLogger - skip non existing resourceDirectory C:\Programs\WEJA3_Spring\smswithspringmvc\src\test\resources
2023-12-15 21:55:27,734 [Worker-29: Building] INFO  o.e.m.c.i.embedder.EclipseLogger - Using 'UTF-8' encoding to copy filtered resources.
2023-12-15 21:55:27,735 [Worker-29: Building] INFO  o.e.m.c.i.embedder.EclipseLogger - Copying 1 resource
2023-12-15 21:55:27,736 [Worker-29: Building] INFO  o.e.m.c.i.embedder.EclipseLogger - Using 'UTF-8' encoding to copy filtered resources.
2023-12-15 21:55:27,737 [Worker-29: Building] INFO  o.e.m.c.i.embedder.EclipseLogger - skip non existing resourceDirectory C:\Programs\WEJA3_Spring\smswithspringmvc\src\test\resources
2023-12-15 21:56:37,261 [Worker-16: Building] INFO  o.e.m.c.i.embedder.EclipseLogger - Using 'UTF-8' encoding to copy filtered resources.
2023-12-15 21:56:37,261 [Worker-16: Building] INFO  o.e.m.c.i.embedder.EclipseLogger - Copying 0 resource
2023-12-15 21:56:37,262 [Worker-16: Building] INFO  o.e.m.c.i.embedder.EclipseLogger - Using 'UTF-8' encoding to copy filtered resources.
2023-12-15 21:56:37,262 [Worker-16: Building] INFO  o.e.m.c.i.embedder.EclipseLogger - skip non existing resourceDirectory C:\Programs\WEJA3_Spring\smswithspringmvc\src\test\resources
2023-12-15 21:56:58,703 [Worker-29: Building] INFO  o.e.m.c.i.embedder.EclipseLogger - Using 'UTF-8' encoding to copy filtered resources.
2023-12-15 21:56:58,703 [Worker-29: Building] INFO  o.e.m.c.i.embedder.EclipseLogger - Copying 0 resource
2023-12-15 21:56:58,705 [Worker-29: Building] INFO  o.e.m.c.i.embedder.EclipseLogger - Using 'UTF-8' encoding to copy filtered resources.
2023-12-15 21:56:58,705 [Worker-29: Building] INFO  o.e.m.c.i.embedder.EclipseLogger - skip non existing resourceDirectory C:\Programs\WEJA3_Spring\smswithspringmvc\src\test\resources
2023-12-15 21:57:20,036 [Worker-19: Building] INFO  o.e.m.c.i.embedder.EclipseLogger - Using 'UTF-8' encoding to copy filtered resources.
2023-12-15 21:57:20,036 [Worker-19: Building] INFO  o.e.m.c.i.embedder.EclipseLogger - Copying 0 resource
2023-12-15 21:57:20,038 [Worker-19: Building] INFO  o.e.m.c.i.embedder.EclipseLogger - Using 'UTF-8' encoding to copy filtered resources.
2023-12-15 21:57:20,038 [Worker-19: Building] INFO  o.e.m.c.i.embedder.EclipseLogger - skip non existing resourceDirectory C:\Programs\WEJA3_Spring\smswithspringmvc\src\test\resources
2023-12-15 21:57:40,324 [Worker-24: Building] INFO  o.e.m.c.i.embedder.EclipseLogger - Using 'UTF-8' encoding to copy filtered resources.
2023-12-15 21:57:40,325 [Worker-24: Building] INFO  o.e.m.c.i.embedder.EclipseLogger - Copying 0 resource
2023-12-15 21:57:40,327 [Worker-24: Building] INFO  o.e.m.c.i.embedder.EclipseLogger - Using 'UTF-8' encoding to copy filtered resources.
2023-12-15 21:57:40,327 [Worker-24: Building] INFO  o.e.m.c.i.embedder.EclipseLogger - skip non existing resourceDirectory C:\Programs\WEJA3_Spring\smswithspringmvc\src\test\resources
2023-12-15 21:58:26,346 [Worker-16: Building] INFO  o.e.m.c.i.embedder.EclipseLogger - Using 'UTF-8' encoding to copy filtered resources.
2023-12-15 21:58:26,347 [Worker-16: Building] INFO  o.e.m.c.i.embedder.EclipseLogger - Copying 0 resource
2023-12-15 21:58:26,348 [Worker-16: Building] INFO  o.e.m.c.i.embedder.EclipseLogger - Using 'UTF-8' encoding to copy filtered resources.
2023-12-15 21:58:26,348 [Worker-16: Building] INFO  o.e.m.c.i.embedder.EclipseLogger - skip non existing resourceDirectory C:\Programs\WEJA3_Spring\smswithspringmvc\src\test\resources
2023-12-15 21:58:53,197 [Worker-26: Building] INFO  o.e.m.c.i.embedder.EclipseLogger - Using 'UTF-8' encoding to copy filtered resources.
2023-12-15 21:58:53,198 [Worker-26: Building] INFO  o.e.m.c.i.embedder.EclipseLogger - Copying 0 resource
2023-12-15 21:58:53,199 [Worker-26: Building] INFO  o.e.m.c.i.embedder.EclipseLogger - Using 'UTF-8' encoding to copy filtered resources.
2023-12-15 21:58:53,199 [Worker-26: Building] INFO  o.e.m.c.i.embedder.EclipseLogger - skip non existing resourceDirectory C:\Programs\WEJA3_Spring\smswithspringmvc\src\test\resources
2023-12-15 21:59:12,183 [Worker-26: Building] INFO  o.e.m.c.i.embedder.EclipseLogger - Using 'UTF-8' encoding to copy filtered resources.
2023-12-15 21:59:12,183 [Worker-26: Building] INFO  o.e.m.c.i.embedder.EclipseLogger - Copying 0 resource
2023-12-15 21:59:12,184 [Worker-26: Building] INFO  o.e.m.c.i.embedder.EclipseLogger - Using 'UTF-8' encoding to copy filtered resources.
2023-12-15 21:59:12,184 [Worker-26: Building] INFO  o.e.m.c.i.embedder.EclipseLogger - skip non existing resourceDirectory C:\Programs\WEJA3_Spring\smswithspringmvc\src\test\resources
2023-12-15 21:59:26,173 [Worker-25: Building] INFO  o.e.m.c.i.embedder.EclipseLogger - Using 'UTF-8' encoding to copy filtered resources.
2023-12-15 21:59:26,173 [Worker-25: Building] INFO  o.e.m.c.i.embedder.EclipseLogger - Copying 0 resource
2023-12-15 21:59:26,178 [Worker-25: Building] INFO  o.e.m.c.i.embedder.EclipseLogger - Using 'UTF-8' encoding to copy filtered resources.
2023-12-15 21:59:26,178 [Worker-25: Building] INFO  o.e.m.c.i.embedder.EclipseLogger - skip non existing resourceDirectory C:\Programs\WEJA3_Spring\smswithspringmvc\src\test\resources
2023-12-15 21:59:32,611 [Worker-25: Building] INFO  o.e.m.c.i.embedder.EclipseLogger - Using 'UTF-8' encoding to copy filtered resources.
2023-12-15 21:59:32,612 [Worker-25: Building] INFO  o.e.m.c.i.embedder.EclipseLogger - Copying 0 resource
2023-12-15 21:59:32,614 [Worker-25: Building] INFO  o.e.m.c.i.embedder.EclipseLogger - Using 'UTF-8' encoding to copy filtered resources.
2023-12-15 21:59:32,615 [Worker-25: Building] INFO  o.e.m.c.i.embedder.EclipseLogger - skip non existing resourceDirectory C:\Programs\WEJA3_Spring\smswithspringmvc\src\test\resources
2023-12-15 21:59:37,061 [Worker-25: Building] INFO  o.e.m.c.i.embedder.EclipseLogger - Using 'UTF-8' encoding to copy filtered resources.
2023-12-15 21:59:37,061 [Worker-25: Building] INFO  o.e.m.c.i.embedder.EclipseLogger - Copying 0 resource
2023-12-15 21:59:37,063 [Worker-25: Building] INFO  o.e.m.c.i.embedder.EclipseLogger - Using 'UTF-8' encoding to copy filtered resources.
2023-12-15 21:59:37,063 [Worker-25: Building] INFO  o.e.m.c.i.embedder.EclipseLogger - skip non existing resourceDirectory C:\Programs\WEJA3_Spring\smswithspringmvc\src\test\resources
2023-12-15 21:59:59,036 [Worker-19: Building] INFO  o.e.m.c.i.embedder.EclipseLogger - Using 'UTF-8' encoding to copy filtered resources.
2023-12-15 21:59:59,037 [Worker-19: Building] INFO  o.e.m.c.i.embedder.EclipseLogger - Copying 0 resource
2023-12-15 21:59:59,038 [Worker-19: Building] INFO  o.e.m.c.i.embedder.EclipseLogger - Using 'UTF-8' encoding to copy filtered resources.
2023-12-15 21:59:59,039 [Worker-19: Building] INFO  o.e.m.c.i.embedder.EclipseLogger - skip non existing resourceDirectory C:\Programs\WEJA3_Spring\smswithspringmvc\src\test\resources
2023-12-15 22:03:12,733 [Worker-25: Building] INFO  o.e.m.c.i.embedder.EclipseLogger - Using 'UTF-8' encoding to copy filtered resources.
2023-12-15 22:03:12,734 [Worker-25: Building] INFO  o.e.m.c.i.embedder.EclipseLogger - Copying 1 resource
2023-12-15 22:03:12,735 [Worker-25: Building] INFO  o.e.m.c.i.embedder.EclipseLogger - Using 'UTF-8' encoding to copy filtered resources.
2023-12-15 22:03:12,735 [Worker-25: Building] INFO  o.e.m.c.i.embedder.EclipseLogger - skip non existing resourceDirectory C:\Programs\WEJA3_Spring\smswithspringmvc\src\test\resources
2023-12-16 12:12:39,889 [Worker-7: Loading available Gradle versions] INFO  o.e.b.c.i.u.g.PublishedGradleVersions - Gradle version information cache is up-to-date. Trying to read.
2023-12-16 12:18:52,289 [Worker-22: Building] INFO  o.e.m.c.i.embedder.EclipseLogger - Using 'UTF-8' encoding to copy filtered resources.
2023-12-16 12:18:52,299 [Worker-22: Building] INFO  o.e.m.c.i.embedder.EclipseLogger - Copying 1 resource
2023-12-16 12:18:52,311 [Worker-22: Building] INFO  o.e.m.c.i.embedder.EclipseLogger - Using 'UTF-8' encoding to copy filtered resources.
2023-12-16 12:18:52,312 [Worker-22: Building] INFO  o.e.m.c.i.embedder.EclipseLogger - skip non existing resourceDirectory C:\Programs\WEJA3_Spring\smswithspringmvc\src\test\resources
2023-12-16 12:19:29,643 [Worker-19: Building] INFO  o.e.m.c.i.embedder.EclipseLogger - Using 'UTF-8' encoding to copy filtered resources.
2023-12-16 12:19:29,652 [Worker-19: Building] INFO  o.e.m.c.i.embedder.EclipseLogger - Copying 1 resource
2023-12-16 12:19:29,657 [Worker-19: Building] INFO  o.e.m.c.i.embedder.EclipseLogger - Using 'UTF-8' encoding to copy filtered resources.
2023-12-16 12:19:29,658 [Worker-19: Building] INFO  o.e.m.c.i.embedder.EclipseLogger - skip non existing resourceDirectory C:\Programs\WEJA3_Spring\smswithspringmvc\src\test\resources
